<?xml version="1.0" encoding="UTF-8"?>
<testsuite xmlns:xsi="http://www.w3.org/2001/XMLSchema-instance" xsi:noNamespaceSchemaLocation="https://maven.apache.org/surefire/maven-surefire-plugin/xsd/surefire-test-report-3.0.xsd" version="3.0" name="ST10487034.Part1Test" time="0.16" tests="17" errors="0" skipped="0" failures="0">
  <properties>
[...]
</properties>
  <testcase name="testCheckUserName_CorrectlyFormatted" classname="ST10487034.Part1Test" time="0.046">
    <system-out><![CDATA[User data loaded from users.json
]]></system-out>
  </testcase>
  <testcase name="testCheckPasswordComplexity_TooShort" classname="ST10487034.Part1Test" time="0.003">
    <system-out><![CDATA[User data loaded from users.json
]]></system-out>
  </testcase>
  <testcase name="testCheckUserName_IncorrectlyFormatted_SpecialChars" classname="ST10487034.Part1Test" time="0.003">
    <system-out><![CDATA[User data loaded from users.json
]]></system-out>
  </testcase>
  <testcase name="testCheckUserName_IncorrectlyFormatted_TooShort" classname="ST10487034.Part1Test" time="0.003">
    <system-out><![CDATA[User data loaded from users.json
]]></system-out>
  </testcase>
  <testcase name="testRegisterUser_Success" classname="ST10487034.Part1Test" time="0.008">
    <system-out><![CDATA[User data loaded from users.json
User data saved to users.json
User 'test_user' registered successfully.
Login successful for user: test_user
]]></system-out>
  </testcase>
  <testcase name="testLoginUser_IncorrectPassword" classname="ST10487034.Part1Test" time="0.004">
    <system-out><![CDATA[User data loaded from users.json
User data saved to users.json
User 'another_user' registered successfully.
Login failed: Invalid username or password.
]]></system-out>
  </testcase>
  <testcase name="testLoginUser_Success" classname="ST10487034.Part1Test" time="0.006">
    <system-out><![CDATA[User data loaded from users.json
User data saved to users.json
User 'valid_login' registered successfully.
Login successful for user: valid_login
]]></system-out>
  </testcase>
  <testcase name="testRegisterUser_ExistingUsername" classname="ST10487034.Part1Test" time="0.003">
    <system-out><![CDATA[User data loaded from users.json
User data saved to users.json
User 'existing_user' registered successfully.
Registration failed: Username already exists.
]]></system-out>
  </testcase>
  <testcase name="testCheckPasswordComplexity_NoSpecialChar" classname="ST10487034.Part1Test" time="0.004">
    <system-out><![CDATA[User data loaded from users.json
]]></system-out>
  </testcase>
  <testcase name="testCheckUserName_IncorrectlyFormatted_NoUnderscore" classname="ST10487034.Part1Test" time="0.002">
    <system-out><![CDATA[User data loaded from users.json
]]></system-out>
  </testcase>
  <testcase name="testLoginUser_NonExistentUsername" classname="ST10487034.Part1Test" time="0.002">
    <system-out><![CDATA[User data loaded from users.json
Login failed: Invalid username or password.
]]></system-out>
  </testcase>
  <testcase name="testCheckPasswordComplexity_NoNumber" classname="ST10487034.Part1Test" time="0.002">
    <system-out><![CDATA[User data loaded from users.json
]]></system-out>
  </testcase>
  <testcase name="testCheckPasswordComplexity_MeetsRequirements" classname="ST10487034.Part1Test" time="0.005">
    <system-out><![CDATA[User data loaded from users.json
]]></system-out>
  </testcase>
  <testcase name="testRegisterUser_InvalidUsername" classname="ST10487034.Part1Test" time="0.005">
    <system-out><![CDATA[User data loaded from users.json
Registration failed: Username does not meet criteria (>= 5 chars, alphanumeric/underscore).
]]></system-out>
  </testcase>
  <testcase name="testLoginUser_EmptyCredentials" classname="ST10487034.Part1Test" time="0">
    <system-out><![CDATA[User data loaded from users.json
Login failed: Invalid username or password.
]]></system-out>
  </testcase>
  <testcase name="testRegisterUser_WeakPassword" classname="ST10487034.Part1Test" time="0.003">
    <system-out><![CDATA[User data loaded from users.json
Registration failed: Password does not meet complexity requirements (>= 8 chars, 1 capital, 1 number, 1 special).
]]></system-out>
  </testcase>
  <testcase name="testCheckPasswordComplexity_NoCapital" classname="ST10487034.Part1Test" time="0.005">
    <system-out><![CDATA[User data loaded from users.json
]]></system-out>
  </testcase>
</testsuite>