<?xml version="1.0" encoding="UTF-8"?>
<testsuite xmlns:xsi="http://www.w3.org/2001/XMLSchema-instance" xsi:noNamespaceSchemaLocation="https://maven.apache.org/surefire/maven-surefire-plugin/xsd/surefire-test-report-3.0.xsd" version="3.0" name="ST10487034.Part3Test" time="0.226" tests="8" errors="0" skipped="0" failures="0">
  <properties>
[...]
</properties>
  <testcase name="testDisplayAllMessages_NoMessages" classname="ST10487034.Part3Test" time="0.017">
    <system-out><![CDATA[No existing message data found for Part2, starting fresh: messages.json (The system cannot find the file specified)
]]></system-out>
  </testcase>
  <testcase name="testSearchMessagesBySender_NonExistentSender" classname="ST10487034.Part3Test" time="0.022">
    <system-out><![CDATA[No existing message data found for Part2, starting fresh: messages.json (The system cannot find the file specified)
Message data saved to messages.json
Message sent from Developer to +27834557896
Message data saved to messages.json
Message drafted by Developer
Message data saved to messages.json
Message drafted by Developer
Message data saved to messages.json
Message sent from Developer to 0838884567
Message data saved to messages.json
Message drafted by Developer
Search by Sender Report (NonExistentUser):
--- Messages by Sender: NonExistentUser ---
No messages found for sender: NonExistentUser.

]]></system-out>
  </testcase>
  <testcase name="testDeleteMessage_Success" classname="ST10487034.Part3Test" time="0.048">
    <system-out><![CDATA[No existing message data found for Part2, starting fresh: messages.json (The system cannot find the file specified)
Message data saved to messages.json
Message sent from Developer to +27834557896
Message data saved to messages.json
Message drafted by Developer
Message data saved to messages.json
Message drafted by Developer
Message data saved to messages.json
Message sent from Developer to 0838884567
Message data saved to messages.json
Message drafted by Developer
Message data saved to messages.json
Message at index 1 deleted successfully.
]]></system-out>
  </testcase>
  <testcase name="testDeleteMessage_InvalidIndex" classname="ST10487034.Part3Test" time="0.023">
    <system-out><![CDATA[No existing message data found for Part2, starting fresh: messages.json (The system cannot find the file specified)
Message data saved to messages.json
Message sent from Developer to +27834557896
Message data saved to messages.json
Message drafted by Developer
Message data saved to messages.json
Message drafted by Developer
Message data saved to messages.json
Message sent from Developer to 0838884567
Message data saved to messages.json
Message drafted by Developer
Deletion failed: Invalid message index 99
Deletion failed: Invalid message index -1
]]></system-out>
  </testcase>
  <testcase name="testSearchMessagesBySender_ExistingSender" classname="ST10487034.Part3Test" time="0.032">
    <system-out><![CDATA[No existing message data found for Part2, starting fresh: messages.json (The system cannot find the file specified)
Message data saved to messages.json
Message sent from Developer to +27834557896
Message data saved to messages.json
Message drafted by Developer
Message data saved to messages.json
Message drafted by Developer
Message data saved to messages.json
Message sent from Developer to 0838884567
Message data saved to messages.json
Message drafted by Developer
Search by Sender Report (Developer):
--- Messages by Sender: Developer ---
  To: +27834557896
  Type: SENT
  Content: Did you get the cake?

  To: +27838884567
  Type: DRAFT
  Content: Where are you? You are late! I have asked you to be on time.

  To: +27834484567
  Type: DRAFT
  Content: Yohoooo, I am at your gate.

  To: 0838884567
  Type: SENT
  Content: It is dinner time!

  To: +27838884567
  Type: DRAFT
  Content: Ok, I am leaving without you.


]]></system-out>
  </testcase>
  <testcase name="testDisplayDraftedMessages_WithDrafts" classname="ST10487034.Part3Test" time="0.018">
    <system-out><![CDATA[No existing message data found for Part2, starting fresh: messages.json (The system cannot find the file specified)
Message data saved to messages.json
Message sent from Developer to +27834557896
Message data saved to messages.json
Message drafted by Developer
Message data saved to messages.json
Message drafted by Developer
Message data saved to messages.json
Message sent from Developer to 0838884567
Message data saved to messages.json
Message drafted by Developer
Drafted Messages Report:
--- Drafted Messages ---
  From: Developer
  To: +27838884567
  Content: Where are you? You are late! I have asked you to be on time.

  From: Developer
  To: +27834484567
  Content: Yohoooo, I am at your gate.

  From: Developer
  To: +27838884567
  Content: Ok, I am leaving without you.


]]></system-out>
  </testcase>
  <testcase name="testDisplayDraftedMessages_NoDrafts" classname="ST10487034.Part3Test" time="0.004">
    <system-out><![CDATA[No existing message data found for Part2, starting fresh: messages.json (The system cannot find the file specified)
Message data saved to messages.json
Message sent from user1 to user2
]]></system-out>
  </testcase>
  <testcase name="testDisplayAllMessages_WithMessages" classname="ST10487034.Part3Test" time="0.01">
    <system-out><![CDATA[No existing message data found for Part2, starting fresh: messages.json (The system cannot find the file specified)
Message data saved to messages.json
Message sent from Developer to +27834557896
Message data saved to messages.json
Message drafted by Developer
Message data saved to messages.json
Message drafted by Developer
Message data saved to messages.json
Message sent from Developer to 0838884567
Message data saved to messages.json
Message drafted by Developer
Display All Messages Report:
--- All Messages ---
Message 0:
  From: Developer
  To: +27834557896
  Type: SENT
  Content: Did you get the cake?

Message 1:
  From: Developer
  To: +27838884567
  Type: DRAFT
  Content: Where are you? You are late! I have asked you to be on time.

Message 2:
  From: Developer
  To: +27834484567
  Type: DRAFT
  Content: Yohoooo, I am at your gate.

Message 3:
  From: Developer
  To: 0838884567
  Type: SENT
  Content: It is dinner time!

Message 4:
  From: Developer
  To: +27838884567
  Type: DRAFT
  Content: Ok, I am leaving without you.


]]></system-out>
  </testcase>
</testsuite>